<?xml version="1.0" encoding="UTF-8"?>
<!-- Generated by org.testng.reporters.JUnitReportReporter -->
<testsuite hostname="LAPTOP-0VMGE6A8" failures="0" tests="3" name="Shivakumar.Shivakumar.Sunil_demo1" time="40.663" errors="0" timestamp="2025-06-27T12:54:46 IST" skipped="0">
  <testcase classname="Shivakumar.Shivakumar.Sunil_demo1" name="create_customer" time="11.797"/>
  <system-out/>
  <testcase classname="Shivakumar.Shivakumar.Sunil_demo1" name="Login" time="21.765"/>
  <system-out/>
  <testcase classname="Shivakumar.Shivakumar.Sunil_demo1" name="delete_customer" time="7.101"/>
  <system-out/>
</testsuite> <!-- Shivakumar.Shivakumar.Sunil_demo1 -->
