<?xml version="1.0" encoding="UTF-8"?>
<!-- Generated by org.testng.reporters.JUnitReportReporter -->
<testsuite hostname="LAPTOP-0VMGE6A8" failures="0" tests="3" name="org.TestDemo.Demo1" time="40.518" errors="0" timestamp="2025-06-27T12:08:03 IST" skipped="0">
  <testcase classname="org.TestDemo.Demo1" name="login" time="25.997"/>
  <system-out/>
  <testcase classname="org.TestDemo.Demo1" name="create_customer" time="7.902"/>
  <system-out/>
  <testcase classname="org.TestDemo.Demo1" name="delete_customer" time="6.619"/>
  <system-out/>
</testsuite> <!-- org.TestDemo.Demo1 -->
