<?xml version="1.0" encoding="UTF-8"?>
<!-- Generated by org.testng.reporters.JUnitReportReporter -->
<testsuite hostname="LAPTOP-0VMGE6A8" failures="0" tests="3" name="org.TestDemo_Automation.Demo_Test_Automatiom_1" time="33.665" errors="0" timestamp="2025-06-27T17:22:22 IST" skipped="0">
  <testcase classname="org.TestDemo_Automation.Demo_Test_Automatiom_1" name="login" time="11.251"/>
  <system-out/>
  <testcase classname="org.TestDemo_Automation.Demo_Test_Automatiom_1" name="create_customer" time="15.269"/>
  <system-out/>
  <testcase classname="org.TestDemo_Automation.Demo_Test_Automatiom_1" name="delete_customer" time="7.145"/>
  <system-out/>
</testsuite> <!-- org.TestDemo_Automation.Demo_Test_Automatiom_1 -->
